<?xml version="1.0" encoding="UTF-8"?>
<!-- Generated by org.testng.reporters.JUnitXMLReporter -->
<testsuite hostname="NAWRAK" ignored="0" name="Command line test" tests="1" failures="0" timestamp="2021-10-28T21:15:53 CEST" time="0.076" errors="0">
  <testcase name="@BeforeMethod invokeBrowser" time="0.046" classname="com.project.issue.TestBaseR">
    <failure type="java.lang.IllegalStateException" message="The path to the driver executable must be set by the webdriver.chrome.driver system property; for more information, see https://github.com/SeleniumHQ/selenium/wiki/ChromeDriver. The latest version can be downloaded from http://chromedriver.storage.googleapis.com/index.html">
      <![CDATA[java.lang.IllegalStateException: The path to the driver executable must be set by the webdriver.chrome.driver system property; for more information, see https://github.com/SeleniumHQ/selenium/wiki/ChromeDriver. The latest version can be downloaded from http://chromedriver.storage.googleapis.com/index.html
at com.google.common.base.Preconditions.checkState(Preconditions.java:847)
at org.openqa.selenium.remote.service.DriverService.findExecutable(DriverService.java:134)
at org.openqa.selenium.chrome.ChromeDriverService.access$000(ChromeDriverService.java:35)
at org.openqa.selenium.chrome.ChromeDriverService$Builder.findDefaultExecutable(ChromeDriverService.java:159)
at org.openqa.selenium.remote.service.DriverService$Builder.build(DriverService.java:355)
at org.openqa.selenium.chrome.ChromeDriverService.createDefaultService(ChromeDriverService.java:94)
at org.openqa.selenium.chrome.ChromeDriver.<init>(ChromeDriver.java:123)
at com.project.issue.TestBaseR.invokeBrowser(TestBaseR.java:25)
at java.util.ArrayList.forEach(ArrayList.java:1257)
... Removed 41 stack frames]]>
    </failure>
  </testcase> <!-- @BeforeMethod invokeBrowser -->
  <testcase name="@AfterMethod tearDown" time="-1.63544855373E9" classname="com.project.issue.TestBaseR">
    <skipped/>
  </testcase> <!-- @AfterMethod tearDown -->
  <testcase name="getTitleTest" time="0.0" classname="com.project.issue.TestNewIssueOnGH">
    <skipped/>
  </testcase> <!-- getTitleTest -->
</testsuite> <!-- Command line test -->
